<?xml version="1.0" encoding="UTF-8"?>
<!-- Generated by org.testng.reporters.JUnitReportReporter -->
<testsuite hostname="Ravneets-MacBook-Pro.local" name="com.npw.testscripts.gap.TC_005_GreatDecisionPage_Validations_WithBlankTextFields" tests="1" failures="0" timestamp="31 Jan 2020 09:47:25 GMT" time="2.259" errors="0">
  <testcase name="getAllValidationsFromGreatDecisionPage" time="2.259" classname="com.npw.testscripts.gap.TC_005_GreatDecisionPage_Validations_WithBlankTextFields"/>
</testsuite> <!-- com.npw.testscripts.gap.TC_005_GreatDecisionPage_Validations_WithBlankTextFields -->
