<?xml version="1.0" encoding="UTF-8"?>
<!-- Generated by org.testng.reporters.JUnitReportReporter -->
<testsuite hostname="Ravneets-MacBook-Pro.local" name="com.npw.testscripts.gap.TC_003_GreatDecisionPage_Validations_INvalidValuesEntered" tests="1" failures="0" timestamp="31 Jan 2020 09:47:20 GMT" time="2.711" errors="0">
  <testcase name="getAllValidationsFromGreatDecisionPage" time="2.711" classname="com.npw.testscripts.gap.TC_003_GreatDecisionPage_Validations_INvalidValuesEntered"/>
</testsuite> <!-- com.npw.testscripts.gap.TC_003_GreatDecisionPage_Validations_INvalidValuesEntered -->
