<?xml version="1.0" encoding="UTF-8"?>
<!-- Generated by org.testng.reporters.JUnitReportReporter -->
<testsuite hostname="Ravneets-MacBook-Pro.local" name="com.npw.testscripts.gap.TC_005_MedicalAidDetailsPage_Validations_InvalidValuesEntered" tests="1" failures="0" timestamp="27 Jan 2020 17:29:28 GMT" time="2.585" errors="0">
  <testcase name="getAllValidationsFromGreatDecisionPage" time="2.585" classname="com.npw.testscripts.gap.TC_005_MedicalAidDetailsPage_Validations_InvalidValuesEntered"/>
</testsuite> <!-- com.npw.testscripts.gap.TC_005_MedicalAidDetailsPage_Validations_InvalidValuesEntered -->
