<?xml version="1.0" encoding="UTF-8"?>
<!-- Generated by org.testng.reporters.JUnitReportReporter -->
<testsuite hostname="Ravneets-MacBook-Pro.local" name="com.npw.testscripts.gap.TC_009_PaymentPage_Validations_InvalidValuesEntered" tests="1" failures="0" timestamp="31 Jan 2020 11:24:55 GMT" time="13.399" errors="0">
  <testcase name="getAllValidationsFromGreatDecisionPage" time="13.399" classname="com.npw.testscripts.gap.TC_009_PaymentPage_Validations_InvalidValuesEntered"/>
</testsuite> <!-- com.npw.testscripts.gap.TC_009_PaymentPage_Validations_InvalidValuesEntered -->
