<?xml version="1.0" encoding="UTF-8"?>
<!-- Generated by org.testng.reporters.JUnitReportReporter -->
<testsuite hostname="Ravneets-MacBook-Pro.local" name="com.npw.testscripts.gap.TC_003" tests="1" failures="0" timestamp="16 Jan 2020 19:11:31 GMT" time="2.558" errors="0">
  <testcase name="getAllValidationsFromGreatDecisionPage" time="2.558" classname="com.npw.testscripts.gap.TC_003"/>
</testsuite> <!-- com.npw.testscripts.gap.TC_003 -->
