<?xml version="1.0" encoding="UTF-8"?>
<!-- Generated by org.testng.reporters.JUnitReportReporter -->
<testsuite hostname="Ravneets-MacBook-Pro.local" name="com.npw.testscripts.gap.TC_006_KnowYouBetterPage_Validations_WithBlankTextFields" tests="1" failures="0" timestamp="31 Jan 2020 09:47:45 GMT" time="5.640" errors="0">
  <testcase name="getAllValidationsFromKNowYouBetterPage" time="5.640" classname="com.npw.testscripts.gap.TC_006_KnowYouBetterPage_Validations_WithBlankTextFields"/>
</testsuite> <!-- com.npw.testscripts.gap.TC_006_KnowYouBetterPage_Validations_WithBlankTextFields -->
