<?xml version="1.0" encoding="UTF-8"?>
<!-- Generated by org.testng.reporters.JUnitReportReporter -->
<testsuite hostname="Ravneets-MacBook-Pro.local" name="com.npw.testscripts.gap.TC_002" tests="1" failures="0" timestamp="24 Jan 2020 14:19:24 GMT" time="5.984" errors="0">
  <testcase name="getAllValidationsStepTwo" time="5.984" classname="com.npw.testscripts.gap.TC_002"/>
</testsuite> <!-- com.npw.testscripts.gap.TC_002 -->
