<?xml version="1.0" encoding="UTF-8"?>
<!-- Generated by org.testng.reporters.JUnitReportReporter -->
<testsuite hostname="Ravneets-MacBook-Pro.local" name="com.npw.testscripts.gap.TC_004_ResidentialAddressPage_Validations_InvalidValuesEntered" tests="1" failures="0" timestamp="31 Jan 2020 09:47:35 GMT" time="8.594" errors="0">
  <testcase name="GetAllDetailsFromResidentialPage" time="8.594" classname="com.npw.testscripts.gap.TC_004_ResidentialAddressPage_Validations_InvalidValuesEntered"/>
</testsuite> <!-- com.npw.testscripts.gap.TC_004_ResidentialAddressPage_Validations_InvalidValuesEntered -->
