<?xml version="1.0" encoding="UTF-8"?>
<!-- Generated by org.testng.reporters.JUnitReportReporter -->
<testsuite hostname="Ravneets-MacBook-Pro.local" name="com.npw.testscripts.ra.TC_01_CreateRAApplication" tests="1" failures="0" timestamp="24 Jan 2020 11:34:30 GMT" time="7.501" errors="0">
  <testcase name="createApp" time="7.501" classname="com.npw.testscripts.ra.TC_01_CreateRAApplication"/>
</testsuite> <!-- com.npw.testscripts.ra.TC_01_CreateRAApplication -->
