<?xml version="1.0" encoding="UTF-8"?>
<!-- Generated by org.testng.reporters.JUnitReportReporter -->
<testsuite hostname="Ravneets-MacBook-Pro.local" name="com.npw.testscripts.ra.TC_02_errorMsgValidationLeadTrackerRAApplication" tests="1" failures="0" timestamp="17 Jan 2020 08:31:35 GMT" time="2.467" errors="0">
  <testcase name="errorMsgLeadtrackerRA" time="2.467" classname="com.npw.testscripts.ra.TC_02_errorMsgValidationLeadTrackerRAApplication"/>
</testsuite> <!-- com.npw.testscripts.ra.TC_02_errorMsgValidationLeadTrackerRAApplication -->
