<?xml version="1.0" encoding="UTF-8"?>
<!-- Generated by org.testng.reporters.JUnitReportReporter -->
<testsuite hostname="Ravneets-MacBook-Pro.local" name="com.npw.testscripts.gap.TC_004" tests="1" failures="0" timestamp="24 Jan 2020 14:19:34 GMT" time="9.572" errors="0">
  <testcase name="GetAllDetailsFromResidentialPage" time="9.572" classname="com.npw.testscripts.gap.TC_004"/>
</testsuite> <!-- com.npw.testscripts.gap.TC_004 -->
