<?xml version="1.0" encoding="UTF-8"?>
<!-- Generated by org.testng.reporters.JUnitReportReporter -->
<testsuite hostname="Ravneets-MacBook-Pro.local" name="com.npw.testscripts.gap.TC_002" tests="1" failures="0" timestamp="16 Jan 2020 19:11:21 GMT" time="4.918" errors="0">
  <testcase name="getAllValidationsStepTwo" time="4.918" classname="com.npw.testscripts.gap.TC_002"/>
</testsuite> <!-- com.npw.testscripts.gap.TC_002 -->
