<?xml version="1.0" encoding="UTF-8"?>
<!-- Generated by org.testng.reporters.JUnitReportReporter -->
<testsuite hostname="Ravneets-MacBook-Pro.local" name="com.npw.testscripts.gap.TC_002_KnowYouBetterPage_Validations_InvalidValuesEntered" tests="1" failures="0" timestamp="31 Jan 2020 09:47:55 GMT" time="5.283" errors="0">
  <testcase name="getAllValidationsStepTwo" time="5.283" classname="com.npw.testscripts.gap.TC_002_KnowYouBetterPage_Validations_InvalidValuesEntered"/>
</testsuite> <!-- com.npw.testscripts.gap.TC_002_KnowYouBetterPage_Validations_InvalidValuesEntered -->
