<?xml version="1.0" encoding="UTF-8"?>
<!-- Generated by org.testng.reporters.JUnitReportReporter -->
<testsuite hostname="Ravneets-MacBook-Pro.local" name="com.npw.testscripts.gap.TC_001" tests="1" failures="0" timestamp="16 Jan 2020 19:11:26 GMT" time="11.962" errors="0">
  <testcase name="submitApp" time="11.962" classname="com.npw.testscripts.gap.TC_001"/>
</testsuite> <!-- com.npw.testscripts.gap.TC_001 -->
