<?xml version="1.0" encoding="UTF-8"?>
<!-- Generated by org.testng.reporters.JUnitReportReporter -->
<testsuite hostname="Ravneets-MacBook-Pro.local" name="com.npw.testscripts.gap.TC_001_PositiveFlow" tests="1" failures="0" timestamp="31 Jan 2020 09:47:30 GMT" time="16.402" errors="0">
  <testcase name="submitApp" time="16.402" classname="com.npw.testscripts.gap.TC_001_PositiveFlow"/>
</testsuite> <!-- com.npw.testscripts.gap.TC_001_PositiveFlow -->
