<?xml version="1.0" encoding="UTF-8"?>
<!-- Generated by org.testng.reporters.JUnitReportReporter -->
<testsuite hostname="Ravneets-MacBook-Pro.local" name="com.npw.testscripts.gap.test" tests="1" failures="0" timestamp="24 Jan 2020 11:13:38 GMT" time="0.051" errors="0">
  <testcase name="testClass" time="0.051" classname="com.npw.testscripts.gap.test"/>
</testsuite> <!-- com.npw.testscripts.gap.test -->
