<?xml version="1.0" encoding="UTF-8"?>
<!-- Generated by org.testng.reporters.JUnitReportReporter -->
<testsuite hostname="Ravneets-MacBook-Pro.local" name="com.npw.testscripts.gap.TC_008_MedicalAidPage_Validations_WithBlankTextFields" tests="1" failures="0" timestamp="31 Jan 2020 11:08:25 GMT" time="13.164" errors="0">
  <testcase name="GetAllDetailsFromResidentialPage" time="13.164" classname="com.npw.testscripts.gap.TC_008_MedicalAidPage_Validations_WithBlankTextFields"/>
</testsuite> <!-- com.npw.testscripts.gap.TC_008_MedicalAidPage_Validations_WithBlankTextFields -->
