<?xml version="1.0" encoding="UTF-8"?>
<!-- Generated by org.testng.reporters.JUnitReportReporter -->
<testsuite hostname="Ravneets-MacBook-Pro.local" name="com.npw.testscripts.gap.TC_010_PaymentPage_Validations_WithBlankTextFields" tests="1" failures="0" timestamp="31 Jan 2020 11:28:06 GMT" time="14.510" errors="0">
  <testcase name="GetAllDetailsFromResidentialPage" time="14.510" classname="com.npw.testscripts.gap.TC_010_PaymentPage_Validations_WithBlankTextFields"/>
</testsuite> <!-- com.npw.testscripts.gap.TC_010_PaymentPage_Validations_WithBlankTextFields -->
